npm verbose cli /usr/local/share/nvm/versions/node/v24.11.1/bin/node /home/codespace/nvm/current/bin/npm
npm info using npm@11.6.2
npm info using node@v24.11.1
npm verbose title npm install
npm verbose argv "install" "--loglevel" "verbose" "--progress" "true"
npm verbose logfile logs-max:10 dir:/home/codespace/.npm/_logs/2025-12-20T18_56_54_274Z-
npm verbose logfile /home/codespace/.npm/_logs/2025-12-20T18_56_54_274Z-debug-0.log
npm http cache https://registry.npmjs.org/@angular%2fanimations 19ms (cache hit)
npm http cache https://registry.npmjs.org/@angular%2fcore 12ms (cache hit)
npm http cache https://registry.npmjs.org/rxjs 10ms (cache hit)
npm http cache https://registry.npmjs.org/zone.js 8ms (cache hit)
npm http cache https://registry.npmjs.org/@angular%2fcdk 20ms (cache hit)
npm http cache https://registry.npmjs.org/@angular%2fcommon 12ms (cache hit)
npm http cache https://registry.npmjs.org/@angular%2fcompiler 15ms (cache hit)
npm http cache https://registry.npmjs.org/@angular%2fforms 12ms (cache hit)
npm http cache https://registry.npmjs.org/@angular%2fplatform-browser 15ms (cache hit)
npm http cache https://registry.npmjs.org/@angular%2fmaterial 34ms (cache hit)
npm http cache https://registry.npmjs.org/@angular%2fplatform-browser-dynamic 33ms (cache hit)
npm http cache https://registry.npmjs.org/@angular%2frouter 11ms (cache hit)
npm http cache https://registry.npmjs.org/@tensorflow%2ftfjs 6ms (cache hit)
npm http cache https://registry.npmjs.org/@tensorflow-models%2fcoco-ssd 7ms (cache hit)
npm http cache https://registry.npmjs.org/@tensorflow%2ftfjs-converter 12ms (cache hit)
npm http cache https://registry.npmjs.org/@tensorflow%2ftfjs-core 5ms (cache hit)
npm http cache https://registry.npmjs.org/tslib 5ms (cache hit)
npm notice Access token expired or revoked. Please try logging in again.
npm http fetch GET 404 https://registry.npmjs.org/@angular-cli%2fbuild-angular 939ms (cache skip)
npm http cache https://registry.npmjs.org/@angular-eslint%2fbuilder 10ms (cache hit)
npm http cache https://registry.npmjs.org/eslint 13ms (cache hit)
npm http cache https://registry.npmjs.org/typescript 53ms (cache hit)
npm http cache https://registry.npmjs.org/@angular-eslint%2feslint-plugin 10ms (cache hit)
npm http cache https://registry.npmjs.org/@angular-eslint%2feslint-plugin-template 10ms (cache hit)
npm http cache https://registry.npmjs.org/@angular-eslint%2fschematics 17ms (cache hit)
npm http cache https://registry.npmjs.org/@angular%2fcli 14ms (cache hit)
npm http cache https://registry.npmjs.org/@angular-eslint%2ftemplate-parser 13ms (cache hit)
npm http cache https://registry.npmjs.org/@angular%2fcompiler-cli 58ms (cache hit)
npm http cache https://registry.npmjs.org/@types%2fjasmine 9ms (cache hit)
npm http cache https://registry.npmjs.org/@typescript-eslint%2feslint-plugin 68ms (cache hit)
npm http cache https://registry.npmjs.org/@typescript-eslint%2fparser 86ms (cache hit)
npm http cache https://registry.npmjs.org/jasmine-core 7ms (cache hit)
npm http cache https://registry.npmjs.org/karma 18ms (cache hit)
npm http cache https://registry.npmjs.org/karma-chrome-launcher 4ms (cache hit)
npm http cache https://registry.npmjs.org/karma-coverage 3ms (cache hit)
npm http cache https://registry.npmjs.org/karma-jasmine 3ms (cache hit)
npm http cache https://registry.npmjs.org/karma-jasmine-html-reporter 2ms (cache hit)
npm http cache https://registry.npmjs.org/webpack 23ms (cache hit)
npm http cache https://registry.npmjs.org/@angular-architects%2fmodule-federation 4ms (cache hit)
npm http cache https://registry.npmjs.org/@angular-architects%2fmodule-federation-tools 10ms (cache hit)
npm http cache https://registry.npmjs.org/semver 5ms (cache hit)
npm http cache https://registry.npmjs.org/callsite 2ms (cache hit)
npm http cache https://registry.npmjs.org/word-wrap 26ms (cache hit)
npm http cache https://registry.npmjs.org/node-fetch 9ms (cache hit)
npm http cache https://registry.npmjs.org/@angular-architects%2fmodule-federation-runtime 4ms (cache hit)
npm http cache https://registry.npmjs.org/ajv 104ms (cache hit)
npm http cache https://registry.npmjs.org/levn 4ms (cache hit)
npm http cache https://registry.npmjs.org/chalk 4ms (cache hit)
npm http cache https://registry.npmjs.org/debug 4ms (cache hit)
npm http cache https://registry.npmjs.org/espree 7ms (cache hit)
npm http cache https://registry.npmjs.org/ignore 4ms (cache hit)
npm http cache https://registry.npmjs.org/esquery 2ms (cache hit)
npm http cache https://registry.npmjs.org/esutils 2ms (cache hit)
npm http cache https://registry.npmjs.org/find-up 2ms (cache hit)
npm http cache https://registry.npmjs.org/globals 4ms (cache hit)
npm http cache https://registry.npmjs.org/is-glob 2ms (cache hit)
npm http cache https://registry.npmjs.org/js-yaml 6ms (cache hit)
npm http cache https://registry.npmjs.org/doctrine 9ms (cache hit)
npm http cache https://registry.npmjs.org/graphemer 3ms (cache hit)
npm http cache https://registry.npmjs.org/minimatch 9ms (cache hit)
npm http cache https://registry.npmjs.org/@eslint%2fjs 3ms (cache hit)
npm http cache https://registry.npmjs.org/optionator 2ms (cache hit)
npm http cache https://registry.npmjs.org/strip-ansi 3ms (cache hit)
npm http cache https://registry.npmjs.org/text-table 2ms (cache hit)
npm http cache https://registry.npmjs.org/cross-spawn 3ms (cache hit)
npm http cache https://registry.npmjs.org/glob-parent 5ms (cache hit)
npm http cache https://registry.npmjs.org/imurmurhash 2ms (cache hit)
npm http cache https://registry.npmjs.org/eslint-scope 2ms (cache hit)
npm http cache https://registry.npmjs.org/lodash.merge 4ms (cache hit)
npm http cache https://registry.npmjs.org/is-path-inside 3ms (cache hit)
npm http cache https://registry.npmjs.org/fast-deep-equal 3ms (cache hit)
npm http cache https://registry.npmjs.org/natural-compare 2ms (cache hit)
npm http cache https://registry.npmjs.org/@eslint%2feslintrc 3ms (cache hit)
npm http cache https://registry.npmjs.org/@nodelib%2ffs.walk 3ms (cache hit)
npm http cache https://registry.npmjs.org/file-entry-cache 2ms (cache hit)
npm http cache https://registry.npmjs.org/eslint-visitor-keys 5ms (cache hit)
npm http cache https://registry.npmjs.org/escape-string-regexp 4ms (cache hit)
npm http cache https://registry.npmjs.org/@ungap%2fstructured-clone 3ms (cache hit)
npm http cache https://registry.npmjs.org/@eslint-community%2fregexpp 4ms (cache hit)
npm http cache https://registry.npmjs.org/@humanwhocodes%2fconfig-array 5ms (cache hit)
npm http cache https://registry.npmjs.org/@eslint-community%2feslint-utils 6ms (cache hit)
npm http cache https://registry.npmjs.org/@humanwhocodes%2fmodule-importer 3ms (cache hit)
npm http cache https://registry.npmjs.org/json-stable-stringify-without-jsonify 3ms (cache hit)
npm http cache https://registry.npmjs.org/@angular-eslint%2futils 17ms (cache hit)
npm http cache https://registry.npmjs.org/@typescript-eslint%2futils 52ms (cache hit)
npm http cache https://registry.npmjs.org/@angular-eslint%2fbundled-angular-compiler 9ms (cache hit)
npm http cache https://registry.npmjs.org/aria-query 6ms (cache hit)
npm http cache https://registry.npmjs.org/axobject-query 7ms (cache hit)
npm http cache https://registry.npmjs.org/@typescript-eslint%2ftype-utils 39ms (cache hit)
npm http cache https://registry.npmjs.org/tmp 8ms (cache hit)
npm http cache https://registry.npmjs.org/strip-json-comments 2ms (cache hit)
npm http cache https://registry.npmjs.org/ini 4ms (cache hit)
npm http cache https://registry.npmjs.org/ora 3ms (cache hit)
npm http cache https://registry.npmjs.org/open 2ms (cache hit)
npm http cache https://registry.npmjs.org/yargs 5ms (cache hit)
npm http cache https://registry.npmjs.org/pacote 4ms (cache hit)
npm http cache https://registry.npmjs.org/resolve 4ms (cache hit)
npm http cache https://registry.npmjs.org/inquirer 5ms (cache hit)
npm http cache https://registry.npmjs.org/ansi-colors 2ms (cache hit)
npm http cache https://registry.npmjs.org/jsonc-parser 4ms (cache hit)
npm http cache https://registry.npmjs.org/npm-package-arg 2ms (cache hit)
npm http cache https://registry.npmjs.org/@yarnpkg%2flockfile 4ms (cache hit)
npm http cache https://registry.npmjs.org/npm-pick-manifest 2ms (cache hit)
npm http cache https://registry.npmjs.org/symbol-observable 3ms (cache hit)
npm http cache https://registry.npmjs.org/@schematics%2fangular 15ms (cache hit)
npm http cache https://registry.npmjs.org/@angular-devkit%2fcore 7ms (cache hit)
npm http cache https://registry.npmjs.org/@angular-devkit%2farchitect 7ms (cache hit)
npm http cache https://registry.npmjs.org/@angular-devkit%2fschematics 7ms (cache hit)
npm http cache https://registry.npmjs.org/parse5 4ms (cache hit)
npm http cache https://registry.npmjs.org/chokidar 3ms (cache hit)
npm http cache https://registry.npmjs.org/@babel%2fcore 4ms (cache hit)
npm http cache https://registry.npmjs.org/reflect-metadata 4ms (cache hit)
npm http cache https://registry.npmjs.org/convert-source-map 9ms (cache hit)
npm http cache https://registry.npmjs.org/@jridgewell%2fsourcemap-codec 3ms (cache hit)
npm http cache https://registry.npmjs.org/@material%2fdom 77ms (cache hit)
npm http cache https://registry.npmjs.org/@material%2ffab 63ms (cache hit)
npm http cache https://registry.npmjs.org/@material%2frtl 65ms (cache hit)
npm http cache https://registry.npmjs.org/@material%2ftab 63ms (cache hit)
npm http cache https://registry.npmjs.org/@material%2fbase 130ms (cache hit)
npm http cache https://registry.npmjs.org/@material%2fcard 68ms (cache hit)
npm http cache https://registry.npmjs.org/@material%2flist 263ms (cache hit)
npm http cache https://registry.npmjs.org/@material%2fmenu 139ms (cache hit)
npm http cache https://registry.npmjs.org/@material%2fchips 180ms (cache hit)
npm http cache https://registry.npmjs.org/@material%2fradio 92ms (cache hit)
npm http cache https://registry.npmjs.org/@material%2fshape 54ms (cache hit)
npm http cache https://registry.npmjs.org/@material%2ftheme 70ms (cache hit)
npm http cache https://registry.npmjs.org/@material%2fbanner 85ms (cache hit)
npm http cache https://registry.npmjs.org/@material%2fbutton 102ms (cache hit)
npm http cache https://registry.npmjs.org/@material%2fdialog 252ms (cache hit)
npm http cache https://registry.npmjs.org/@material%2fdrawer 176ms (cache hit)
npm http cache https://registry.npmjs.org/@material%2fripple 124ms (cache hit)
npm http cache https://registry.npmjs.org/@material%2fselect 230ms (cache hit)
npm http cache https://registry.npmjs.org/@material%2fslider 165ms (cache hit)
npm http cache https://registry.npmjs.org/@material%2fswitch 82ms (cache hit)
npm http cache https://registry.npmjs.org/@material%2fdensity 52ms (cache hit)
npm http cache https://registry.npmjs.org/@material%2ftab-bar 65ms (cache hit)
npm http cache https://registry.npmjs.org/@material%2ftooltip 138ms (cache hit)
npm http cache https://registry.npmjs.org/@material%2fcheckbox 84ms (cache hit)
npm http cache https://registry.npmjs.org/@material%2fsnackbar 136ms (cache hit)
npm http cache https://registry.npmjs.org/@material%2fanimation 75ms (cache hit)
npm http cache https://registry.npmjs.org/@material%2fauto-init 71ms (cache hit)
npm http cache https://registry.npmjs.org/@material%2felevation 57ms (cache hit)
npm http cache https://registry.npmjs.org/@material%2ftextfield 224ms (cache hit)
npm http cache https://registry.npmjs.org/@material%2fdata-table 205ms (cache hit)
npm http cache https://registry.npmjs.org/@material%2fform-field 155ms (cache hit)
npm http cache https://registry.npmjs.org/@material%2fimage-list 67ms (cache hit)
npm http cache https://registry.npmjs.org/@material%2ftypography 123ms (cache hit)
npm http cache https://registry.npmjs.org/@material%2ficon-button 72ms (cache hit)
npm http cache https://registry.npmjs.org/@material%2flayout-grid 110ms (cache hit)
npm http cache https://registry.npmjs.org/@material%2fline-ripple 43ms (cache hit)
npm http cache https://registry.npmjs.org/@material%2ftop-app-bar 105ms (cache hit)
npm http cache https://registry.npmjs.org/@material%2fmenu-surface 125ms (cache hit)
npm http cache https://registry.npmjs.org/@material%2ftab-scroller 111ms (cache hit)
npm http cache https://registry.npmjs.org/@material%2ftouch-target 35ms (cache hit)
npm http cache https://registry.npmjs.org/@material%2ftab-indicator 97ms (cache hit)
npm http cache https://registry.npmjs.org/@material%2ffloating-label 62ms (cache hit)
npm http cache https://registry.npmjs.org/@material%2flinear-progress 70ms (cache hit)
npm http cache https://registry.npmjs.org/@material%2fnotched-outline 63ms (cache hit)
npm http cache https://registry.npmjs.org/@material%2fsegmented-button 109ms (cache hit)
npm http cache https://registry.npmjs.org/@material%2fcircular-progress 122ms (cache hit)
npm http cache https://registry.npmjs.org/@material%2ffeature-targeting 49ms (cache hit)
npm http cache https://registry.npmjs.org/long 5ms (cache hit)
npm http cache https://registry.npmjs.org/seedrandom 41ms (cache hit)
npm http cache https://registry.npmjs.org/@types%2flong 2ms (cache hit)
npm http cache https://registry.npmjs.org/@webgpu%2ftypes 5ms (cache hit)
npm http cache https://registry.npmjs.org/@types%2fseedrandom 2ms (cache hit)
npm http cache https://registry.npmjs.org/@types%2foffscreencanvas 3ms (cache hit)
npm http cache https://registry.npmjs.org/core-js 9ms (cache hit)
npm http cache https://registry.npmjs.org/argparse 3ms (cache hit)
npm http cache https://registry.npmjs.org/regenerator-runtime 3ms (cache hit)
npm http cache https://registry.npmjs.org/@tensorflow%2ftfjs-data 6ms (cache hit)
npm http cache https://registry.npmjs.org/@tensorflow%2ftfjs-layers 4ms (cache hit)
npm http cache https://registry.npmjs.org/@tensorflow%2ftfjs-backend-cpu 8ms (cache hit)
npm http cache https://registry.npmjs.org/@tensorflow%2ftfjs-backend-webgl 3ms (cache hit)
npm http cache https://registry.npmjs.org/ts-api-utils 4ms (cache hit)
npm http cache https://registry.npmjs.org/@typescript-eslint%2futils 34ms (cache hit)
npm http cache https://registry.npmjs.org/@typescript-eslint%2ftype-utils 36ms (cache hit)
npm http cache https://registry.npmjs.org/@typescript-eslint%2fvisitor-keys 45ms (cache hit)
npm http cache https://registry.npmjs.org/@typescript-eslint%2fscope-manager 99ms (cache hit)
npm http cache https://registry.npmjs.org/@typescript-eslint%2ftypes 52ms (cache hit)
npm http cache https://registry.npmjs.org/@typescript-eslint%2ftypescript-estree 124ms (cache hit)
npm http cache https://registry.npmjs.org/di 47ms (cache hit)
npm http cache https://registry.npmjs.org/glob 8ms (cache hit)
npm http cache https://registry.npmjs.org/mime 6ms (cache hit)
npm http cache https://registry.npmjs.org/qjobs 2ms (cache hit)
npm http cache https://registry.npmjs.org/braces 4ms (cache hit)
npm http cache https://registry.npmjs.org/lodash 5ms (cache hit)
npm http cache https://registry.npmjs.org/log4js 5ms (cache hit)
npm http cache https://registry.npmjs.org/mkdirp 4ms (cache hit)
npm http cache https://registry.npmjs.org/rimraf 2ms (cache hit)
npm http cache https://registry.npmjs.org/connect 10ms (cache hit)
npm http cache https://registry.npmjs.org/socket.io 6ms (cache hit)
npm http cache https://registry.npmjs.org/http-proxy 7ms (cache hit)
npm http cache https://registry.npmjs.org/source-map 9ms (cache hit)
npm http cache https://registry.npmjs.org/body-parser 6ms (cache hit)
npm http cache https://registry.npmjs.org/graceful-fs 2ms (cache hit)
npm http cache https://registry.npmjs.org/isbinaryfile 4ms (cache hit)
npm http cache https://registry.npmjs.org/range-parser 3ms (cache hit)
npm http cache https://registry.npmjs.org/ua-parser-js 12ms (cache hit)
npm http cache https://registry.npmjs.org/dom-serialize 2ms (cache hit)
npm http cache https://registry.npmjs.org/@colors%2fcolors 2ms (cache hit)
npm http cache https://registry.npmjs.org/which 3ms (cache hit)
npm http cache https://registry.npmjs.org/istanbul-lib-coverage 6ms (cache hit)
npm http cache https://registry.npmjs.org/istanbul-lib-instrument 9ms (cache hit)
npm http cache https://registry.npmjs.org/istanbul-lib-report 6ms (cache hit)
npm http cache https://registry.npmjs.org/istanbul-lib-source-maps 3ms (cache hit)
npm http cache https://registry.npmjs.org/istanbul-reports 4ms (cache hit)
npm http cache https://registry.npmjs.org/@types%2feslint-scope 2ms (cache hit)
npm http cache https://registry.npmjs.org/@types%2festree 4ms (cache hit)
npm http cache https://registry.npmjs.org/@types%2fjson-schema 2ms (cache hit)
npm http cache https://registry.npmjs.org/@webassemblyjs%2fast 6ms (cache hit)
npm http cache https://registry.npmjs.org/@webassemblyjs%2fwasm-edit 5ms (cache hit)
npm http cache https://registry.npmjs.org/@webassemblyjs%2fwasm-parser 4ms (cache hit)
npm http cache https://registry.npmjs.org/acorn 13ms (cache hit)
npm http cache https://registry.npmjs.org/acorn-import-phases 2ms (cache hit)
npm http cache https://registry.npmjs.org/browserslist 10ms (cache hit)
npm http cache https://registry.npmjs.org/chrome-trace-event 2ms (cache hit)
npm http cache https://registry.npmjs.org/enhanced-resolve 6ms (cache hit)
npm http cache https://registry.npmjs.org/es-module-lexer 8ms (cache hit)
npm http cache https://registry.npmjs.org/events 2ms (cache hit)
npm http cache https://registry.npmjs.org/glob-to-regexp 2ms (cache hit)
npm http cache https://registry.npmjs.org/json-parse-even-better-errors 4ms (cache hit)
npm http cache https://registry.npmjs.org/loader-runner 3ms (cache hit)
npm http cache https://registry.npmjs.org/mime-types 4ms (cache hit)
npm http cache https://registry.npmjs.org/neo-async 6ms (cache hit)
npm http cache https://registry.npmjs.org/schema-utils 3ms (cache hit)
npm http cache https://registry.npmjs.org/tapable 4ms (cache hit)
npm http cache https://registry.npmjs.org/terser-webpack-plugin 5ms (cache hit)
npm http cache https://registry.npmjs.org/watchpack 5ms (cache hit)
npm http cache https://registry.npmjs.org/webpack-sources 4ms (cache hit)
npm http cache https://registry.npmjs.org/encoding 4ms (cache hit)
npm http cache https://registry.npmjs.org/@angular%2fcommon 13ms (cache hit)
npm http cache https://registry.npmjs.org/@angular%2fcore 61ms (cache hit)
npm http cache https://registry.npmjs.org/@angular%2fcompiler 47ms (cache hit)
npm http cache https://registry.npmjs.org/whatwg-url 4ms (cache hit)
npm http cache https://registry.npmjs.org/eslint 13ms (cache hit)
npm http cache https://registry.npmjs.org/typescript 53ms (cache hit)
npm http cache https://registry.npmjs.org/@typescript-eslint%2ftypes 66ms (cache hit)
npm http cache https://registry.npmjs.org/@typescript-eslint%2fscope-manager 38ms (cache hit)
npm http cache https://registry.npmjs.org/@typescript-eslint%2ftypescript-estree 45ms (cache hit)
npm http cache https://registry.npmjs.org/dequal 2ms (cache hit)
npm http cache https://registry.npmjs.org/esrecurse 2ms (cache hit)
npm http cache https://registry.npmjs.org/estraverse 3ms (cache hit)
npm http cache https://registry.npmjs.org/entities 2ms (cache hit)
npm http cache https://registry.npmjs.org/ajv 9ms (cache hit)
npm http cache https://registry.npmjs.org/picomatch 5ms (cache hit)
npm http cache https://registry.npmjs.org/ajv-formats 5ms (cache hit)
npm http cache https://registry.npmjs.org/magic-string 8ms (cache hit)
npm http cache https://registry.npmjs.org/figures 2ms (cache hit)
npm http cache https://registry.npmjs.org/cli-width 3ms (cache hit)
npm http cache https://registry.npmjs.org/run-async 2ms (cache hit)
npm http cache https://registry.npmjs.org/wrap-ansi 3ms (cache hit)
npm http cache https://registry.npmjs.org/cli-cursor 2ms (cache hit)
npm http cache https://registry.npmjs.org/mute-stream 2ms (cache hit)
npm http cache https://registry.npmjs.org/ansi-escapes 4ms (cache hit)
npm http cache https://registry.npmjs.org/string-width 2ms (cache hit)
npm http cache https://registry.npmjs.org/@ljharb%2fthrough 4ms (cache hit)
npm http cache https://registry.npmjs.org/external-editor 4ms (cache hit)
npm http cache https://registry.npmjs.org/proc-log 3ms (cache hit)
npm http cache https://registry.npmjs.org/hosted-git-info 4ms (cache hit)
npm http cache https://registry.npmjs.org/validate-npm-package-name 2ms (cache hit)
npm http cache https://registry.npmjs.org/npm-install-checks 2ms (cache hit)
npm http cache https://registry.npmjs.org/npm-normalize-package-bin 8ms (cache hit)
npm http cache https://registry.npmjs.org/is-wsl 2ms (cache hit)
npm http cache https://registry.npmjs.org/is-docker 2ms (cache hit)
npm http cache https://registry.npmjs.org/define-lazy-prop 2ms (cache hit)
npm http cache https://registry.npmjs.org/bl 4ms (cache hit)
npm http cache https://registry.npmjs.org/wcwidth 2ms (cache hit)
npm http cache https://registry.npmjs.org/log-symbols 3ms (cache hit)
npm http cache https://registry.npmjs.org/cli-spinners 2ms (cache hit)
npm http cache https://registry.npmjs.org/is-interactive 2ms (cache hit)
npm http cache https://registry.npmjs.org/is-unicode-supported 2ms (cache hit)
npm http cache https://registry.npmjs.org/tar 10ms (cache hit)
npm http cache https://registry.npmjs.org/ssri 6ms (cache hit)
npm http cache https://registry.npmjs.org/cacache 9ms (cache hit)
npm http cache https://registry.npmjs.org/minipass 8ms (cache hit)
npm http cache https://registry.npmjs.org/sigstore 3ms (cache hit)
npm http cache https://registry.npmjs.org/@npmcli%2fgit 2ms (cache hit)
npm http cache https://registry.npmjs.org/fs-minipass 3ms (cache hit)
npm http cache https://registry.npmjs.org/npm-packlist 3ms (cache hit)
npm http cache https://registry.npmjs.org/promise-retry 3ms (cache hit)
npm http cache https://registry.npmjs.org/read-package-json 5ms (cache hit)
npm http cache https://registry.npmjs.org/@npmcli%2frun-script 4ms (cache hit)
npm http cache https://registry.npmjs.org/npm-registry-fetch 4ms (cache hit)
npm http cache https://registry.npmjs.org/@npmcli%2fpromise-spawn 2ms (cache hit)
npm http cache https://registry.npmjs.org/read-package-json-fast 2ms (cache hit)
npm http cache https://registry.npmjs.org/@npmcli%2finstalled-package-contents 3ms (cache hit)
npm http cache https://registry.npmjs.org/path-parse 1ms (cache hit)
npm http cache https://registry.npmjs.org/is-core-module 3ms (cache hit)
npm http cache https://registry.npmjs.org/supports-preserve-symlinks-flag 3ms (cache hit)
npm http cache https://registry.npmjs.org/lru-cache 4ms (cache hit)
npm http cache https://registry.npmjs.org/y18n 3ms (cache hit)
npm http cache https://registry.npmjs.org/cliui 2ms (cache hit)
npm http cache https://registry.npmjs.org/escalade 3ms (cache hit)
npm http cache https://registry.npmjs.org/yargs-parser 7ms (cache hit)
npm http cache https://registry.npmjs.org/get-caller-file 3ms (cache hit)
npm http cache https://registry.npmjs.org/require-directory 4ms (cache hit)
npm http cache https://registry.npmjs.org/uri-js 2ms (cache hit)
npm http cache https://registry.npmjs.org/require-from-string 3ms (cache hit)
npm http cache https://registry.npmjs.org/json-schema-traverse 3ms (cache hit)
npm http cache https://registry.npmjs.org/json5 10ms (cache hit)
npm http cache https://registry.npmjs.org/gensync 3ms (cache hit)
npm http cache https://registry.npmjs.org/@babel%2ftypes 6ms (cache hit)
npm http cache https://registry.npmjs.org/@babel%2fparser 8ms (cache hit)
npm http cache https://registry.npmjs.org/@babel%2fhelpers 8ms (cache hit)
npm http cache https://registry.npmjs.org/@babel%2ftemplate 3ms (cache hit)
npm http cache https://registry.npmjs.org/@babel%2ftraverse 4ms (cache hit)
npm http cache https://registry.npmjs.org/@babel%2fgenerator 9ms (cache hit)
npm http cache https://registry.npmjs.org/@babel%2fcode-frame 7ms (cache hit)
npm http cache https://registry.npmjs.org/@ampproject%2fremapping 3ms (cache hit)
npm http cache https://registry.npmjs.org/@babel%2fhelper-module-transforms 4ms (cache hit)
npm http cache https://registry.npmjs.org/@babel%2fhelper-compilation-targets 2ms (cache hit)
npm http cache https://registry.npmjs.org/anymatch 2ms (cache hit)
npm http cache https://registry.npmjs.org/readdirp 2ms (cache hit)
npm http cache https://registry.npmjs.org/is-binary-path 2ms (cache hit)
npm http cache https://registry.npmjs.org/normalize-path 2ms (cache hit)
npm http cache https://registry.npmjs.org/fsevents 3ms (cache hit)
npm http cache https://registry.npmjs.org/@material%2ftokens 22ms (cache hit)
npm http cache https://registry.npmjs.org/@material%2ffocus-ring 8ms (cache hit)
npm http cache https://registry.npmjs.org/safevalues 3ms (cache hit)
npm http cache https://registry.npmjs.org/@material%2fprogress-indicator 34ms (cache hit)
npm http cache https://registry.npmjs.org/@jridgewell%2fgen-mapping 2ms (cache hit)
npm http cache https://registry.npmjs.org/@jridgewell%2ftrace-mapping 3ms (cache hit)
npm http cache https://registry.npmjs.org/js-tokens 3ms (cache hit)
npm http cache https://registry.npmjs.org/picocolors 2ms (cache hit)
npm http cache https://registry.npmjs.org/@babel%2fhelper-validator-identifier 3ms (cache hit)
npm http cache https://registry.npmjs.org/jsesc 2ms (cache hit)
npm http cache https://registry.npmjs.org/@babel%2fcompat-data 4ms (cache hit)
npm http cache https://registry.npmjs.org/@babel%2fhelper-validator-option 3ms (cache hit)
npm http cache https://registry.npmjs.org/@babel%2fhelper-module-imports 3ms (cache hit)
npm http cache https://registry.npmjs.org/@babel%2fhelper-globals 1ms (cache hit)
npm http cache https://registry.npmjs.org/@babel%2fhelper-string-parser 5ms (cache hit)
npm http cache https://registry.npmjs.org/ms 2ms (cache hit)
npm http cache https://registry.npmjs.org/@jridgewell%2fresolve-uri 2ms (cache hit)
npm http cache https://registry.npmjs.org/baseline-browser-mapping 3ms (cache hit)
npm http cache https://registry.npmjs.org/caniuse-lite 31ms (cache hit)
npm http cache https://registry.npmjs.org/electron-to-chromium 76ms (cache hit)
npm http cache https://registry.npmjs.org/node-releases 5ms (cache hit)
npm http cache https://registry.npmjs.org/update-browserslist-db 2ms (cache hit)
npm http cache https://registry.npmjs.org/yallist 3ms (cache hit)
npm http cache https://registry.npmjs.org/string_decoder 8ms (cache hit)
npm http cache https://registry.npmjs.org/@types%2fnode-fetch 6ms (cache hit)
npm http cache https://registry.npmjs.org/sprintf-js 3ms (cache hit)
npm http cache https://registry.npmjs.org/ansi-styles 7ms (cache hit)
npm http cache https://registry.npmjs.org/supports-color 4ms (cache hit)
npm http cache https://registry.npmjs.org/form-data 9ms (cache hit)
npm http cache https://registry.npmjs.org/@types%2fnode 46ms (cache hit)
npm http cache https://registry.npmjs.org/safe-buffer 3ms (cache hit)
npm http cache https://registry.npmjs.org/undici-types 2ms (cache hit)
npm http cache https://registry.npmjs.org/asynckit 4ms (cache hit)
npm http cache https://registry.npmjs.org/combined-stream 2ms (cache hit)
npm http cache https://registry.npmjs.org/es-set-tostringtag 2ms (cache hit)
npm http cache https://registry.npmjs.org/hasown 2ms (cache hit)
npm http cache https://registry.npmjs.org/typescript 25ms (cache hit)
npm http cache https://registry.npmjs.org/eslint 19ms (cache hit)
npm http cache https://registry.npmjs.org/@types%2fsemver 2ms (cache hit)
npm http cache https://registry.npmjs.org/globby 3ms (cache hit)
npm http cache https://registry.npmjs.org/@typescript-eslint%2fvisitor-keys 50ms (cache hit)
npm http cache https://registry.npmjs.org/slash 5ms (cache hit)
npm http cache https://registry.npmjs.org/merge2 12ms (cache hit)
npm http cache https://registry.npmjs.org/dir-glob 7ms (cache hit)
npm http cache https://registry.npmjs.org/fast-glob 3ms (cache hit)
npm http cache https://registry.npmjs.org/array-union 5ms (cache hit)
npm http cache https://registry.npmjs.org/is-extglob 8ms (cache hit)
npm http cache https://registry.npmjs.org/brace-expansion 4ms (cache hit)
npm http cache https://registry.npmjs.org/eslint 11ms (cache hit)
npm http cache https://registry.npmjs.org/punycode 2ms (cache hit)
npm http cache https://registry.npmjs.org/color-convert 2ms (cache hit)
npm http cache https://registry.npmjs.org/has-flag 2ms (cache hit)
npm http cache https://registry.npmjs.org/color-name 2ms (cache hit)
npm http cache https://registry.npmjs.org/fill-range 2ms (cache hit)
npm http cache https://registry.npmjs.org/binary-extensions 1ms (cache hit)
npm http cache https://registry.npmjs.org/to-regex-range 3ms (cache hit)
npm http cache https://registry.npmjs.org/import-fresh 108ms (cache hit)
npm http cache https://registry.npmjs.org/@humanwhocodes%2fobject-schema 4ms (cache hit)
npm http cache https://registry.npmjs.org/fastq 6ms (cache hit)
npm http cache https://registry.npmjs.org/@nodelib%2ffs.scandir 5ms (cache hit)
npm http cache https://registry.npmjs.org/fast-json-stable-stringify 4ms (cache hit)
npm http cache https://registry.npmjs.org/path-key 2ms (cache hit)
npm http cache https://registry.npmjs.org/shebang-command 2ms (cache hit)
npm http cache https://registry.npmjs.org/acorn-jsx 2ms (cache hit)
npm http cache https://registry.npmjs.org/flat-cache 9ms (cache hit)
npm http cache https://registry.npmjs.org/locate-path 2ms (cache hit)
npm http cache https://registry.npmjs.org/path-exists 4ms (cache hit)
npm http cache https://registry.npmjs.org/type-fest 4ms (cache hit)
npm http cache https://registry.npmjs.org/prelude-ls 3ms (cache hit)
npm http cache https://registry.npmjs.org/type-check 2ms (cache hit)
npm http cache https://registry.npmjs.org/deep-is 2ms (cache hit)
npm http cache https://registry.npmjs.org/fast-levenshtein 2ms (cache hit)
npm http cache https://registry.npmjs.org/ansi-regex 2ms (cache hit)
npm http cache https://registry.npmjs.org/parent-module 3ms (cache hit)
npm http cache https://registry.npmjs.org/resolve-from 3ms (cache hit)
npm http cache https://registry.npmjs.org/run-parallel 2ms (cache hit)
npm http cache https://registry.npmjs.org/@nodelib%2ffs.stat 2ms (cache hit)
npm http cache https://registry.npmjs.org/reusify 1ms (cache hit)
npm http cache https://registry.npmjs.org/queue-microtask 2ms (cache hit)
npm http cache https://registry.npmjs.org/shebang-regex 1ms (cache hit)
npm http cache https://registry.npmjs.org/isexe 2ms (cache hit)
npm http cache https://registry.npmjs.org/keyv 4ms (cache hit)
npm http cache https://registry.npmjs.org/flatted 7ms (cache hit)
npm http cache https://registry.npmjs.org/is-number 5ms (cache hit)
npm http cache https://registry.npmjs.org/p-locate 4ms (cache hit)
npm http cache https://registry.npmjs.org/json-buffer 3ms (cache hit)
npm http cache https://registry.npmjs.org/delayed-stream 2ms (cache hit)
npm http cache https://registry.npmjs.org/es-errors 2ms (cache hit)
npm http cache https://registry.npmjs.org/get-intrinsic 2ms (cache hit)
npm http cache https://registry.npmjs.org/has-tostringtag 2ms (cache hit)
npm http cache https://registry.npmjs.org/function-bind 3ms (cache hit)
npm http cache https://registry.npmjs.org/mime-db 6ms (cache hit)
npm http cache https://registry.npmjs.org/gopd 2ms (cache hit)
npm http cache https://registry.npmjs.org/get-proto 2ms (cache hit)
npm http cache https://registry.npmjs.org/has-symbols 3ms (cache hit)
npm http cache https://registry.npmjs.org/es-object-atoms 4ms (cache hit)
npm http cache https://registry.npmjs.org/math-intrinsics 2ms (cache hit)
npm http cache https://registry.npmjs.org/es-define-property 2ms (cache hit)
npm http cache https://registry.npmjs.org/call-bind-apply-helpers 2ms (cache hit)
npm http cache https://registry.npmjs.org/dunder-proto 2ms (cache hit)
npm http cache https://registry.npmjs.org/path-type 3ms (cache hit)
npm http cache https://registry.npmjs.org/micromatch 3ms (cache hit)
npm http cache https://registry.npmjs.org/callsites 2ms (cache hit)
npm http cache https://registry.npmjs.org/call-bind 2ms (cache hit)
npm http cache https://registry.npmjs.org/restore-cursor 2ms (cache hit)
npm http cache https://registry.npmjs.org/chardet 4ms (cache hit)
npm http cache https://registry.npmjs.org/iconv-lite 4ms (cache hit)
npm http cache https://registry.npmjs.org/emoji-regex 3ms (cache hit)
npm http cache https://registry.npmjs.org/is-fullwidth-code-point 3ms (cache hit)
npm http cache https://registry.npmjs.org/set-function-length 3ms (cache hit)
npm http cache https://registry.npmjs.org/define-data-property 4ms (cache hit)
npm http cache https://registry.npmjs.org/has-property-descriptors 2ms (cache hit)
npm http cache https://registry.npmjs.org/onetime 3ms (cache hit)
npm http cache https://registry.npmjs.org/signal-exit 2ms (cache hit)
npm http cache https://registry.npmjs.org/safer-buffer 3ms (cache hit)
npm http cache https://registry.npmjs.org/os-tmpdir 2ms (cache hit)
npm http cache https://registry.npmjs.org/bytes 2ms (cache hit)
npm http cache https://registry.npmjs.org/content-type 1ms (cache hit)
npm http cache https://registry.npmjs.org/depd 2ms (cache hit)
npm http cache https://registry.npmjs.org/destroy 2ms (cache hit)
npm http cache https://registry.npmjs.org/http-errors 2ms (cache hit)
npm http cache https://registry.npmjs.org/on-finished 3ms (cache hit)
npm http cache https://registry.npmjs.org/qs 4ms (cache hit)
npm http cache https://registry.npmjs.org/raw-body 5ms (cache hit)
npm http cache https://registry.npmjs.org/type-is 2ms (cache hit)
npm http cache https://registry.npmjs.org/unpipe 3ms (cache hit)
npm http cache https://registry.npmjs.org/finalhandler 1ms (cache hit)
npm http cache https://registry.npmjs.org/parseurl 1ms (cache hit)
npm http cache https://registry.npmjs.org/utils-merge 2ms (cache hit)
npm http cache https://registry.npmjs.org/custom-event 2ms (cache hit)
npm http cache https://registry.npmjs.org/ent 3ms (cache hit)
npm http cache https://registry.npmjs.org/extend 2ms (cache hit)
npm http cache https://registry.npmjs.org/void-elements 2ms (cache hit)
npm http cache https://registry.npmjs.org/once 2ms (cache hit)
npm http cache https://registry.npmjs.org/inflight 2ms (cache hit)
npm http cache https://registry.npmjs.org/inherits 2ms (cache hit)
npm http cache https://registry.npmjs.org/fs.realpath 2ms (cache hit)
npm http cache https://registry.npmjs.org/path-is-absolute 2ms (cache hit)
npm http cache https://registry.npmjs.org/eventemitter3 12ms (cache hit)
npm http cache https://registry.npmjs.org/requires-port 1ms (cache hit)
npm http cache https://registry.npmjs.org/follow-redirects 3ms (cache hit)
npm http cache https://registry.npmjs.org/date-format 2ms (cache hit)
npm http cache https://registry.npmjs.org/rfdc 5ms (cache hit)
npm http cache https://registry.npmjs.org/streamroller 4ms (cache hit)
npm http cache https://registry.npmjs.org/minimist 3ms (cache hit)
npm http cache https://registry.npmjs.org/cors 3ms (cache hit)
npm http cache https://registry.npmjs.org/accepts 3ms (cache hit)
npm http cache https://registry.npmjs.org/base64id 2ms (cache hit)
npm http cache https://registry.npmjs.org/engine.io 6ms (cache hit)
npm http cache https://registry.npmjs.org/socket.io-parser 2ms (cache hit)
npm http cache https://registry.npmjs.org/socket.io-adapter 5ms (cache hit)
npm http cache https://registry.npmjs.org/setprototypeof 2ms (cache hit)
npm http cache https://registry.npmjs.org/statuses 2ms (cache hit)
npm http cache https://registry.npmjs.org/toidentifier 1ms (cache hit)
npm http cache https://registry.npmjs.org/ee-first 3ms (cache hit)
npm http cache https://registry.npmjs.org/side-channel 3ms (cache hit)
npm http cache https://registry.npmjs.org/media-typer 2ms (cache hit)
npm http cache https://registry.npmjs.org/encodeurl 3ms (cache hit)
npm http cache https://registry.npmjs.org/escape-html 1ms (cache hit)
npm http cache https://registry.npmjs.org/call-bound 2ms (cache hit)
npm http cache https://registry.npmjs.org/safe-regex-test 2ms (cache hit)
npm http cache https://registry.npmjs.org/is-regex 2ms (cache hit)
npm http cache https://registry.npmjs.org/wrappy 2ms (cache hit)
npm http cache https://registry.npmjs.org/@istanbuljs%2fschema 3ms (cache hit)
npm http cache https://registry.npmjs.org/make-dir 2ms (cache hit)
npm http cache https://registry.npmjs.org/html-escaper 2ms (cache hit)
npm http cache https://registry.npmjs.org/p-limit 6ms (cache hit)
npm http cache https://registry.npmjs.org/fs-extra 6ms (cache hit)
npm http cache https://registry.npmjs.org/balanced-match 3ms (cache hit)
npm http cache https://registry.npmjs.org/tr46 2ms (cache hit)
npm http cache https://registry.npmjs.org/webidl-conversions 2ms (cache hit)
npm http cache https://registry.npmjs.org/buffer 2ms (cache hit)
npm http cache https://registry.npmjs.org/readable-stream 76ms (cache hit)
npm http cache https://registry.npmjs.org/defaults 1ms (cache hit)
npm http cache https://registry.npmjs.org/base64-js 2ms (cache hit)
npm http cache https://registry.npmjs.org/ieee754 2ms (cache hit)
npm http cache https://registry.npmjs.org/util-deprecate 1ms (cache hit)
npm http cache https://registry.npmjs.org/yocto-queue 2ms (cache hit)
npm http cache https://registry.npmjs.org/promise-inflight 4ms (cache hit)
npm http cache https://registry.npmjs.org/npm-bundled 3ms (cache hit)
npm http cache https://registry.npmjs.org/node-gyp 4ms (cache hit)
npm http cache https://registry.npmjs.org/@npmcli%2fnode-gyp 3ms (cache hit)
npm http cache https://registry.npmjs.org/@npmcli%2fpackage-json 3ms (cache hit)
npm http cache https://registry.npmjs.org/p-map 3ms (cache hit)
npm http cache https://registry.npmjs.org/@npmcli%2ffs 5ms (cache hit)
npm http cache https://registry.npmjs.org/minipass-flush 2ms (cache hit)
npm http cache https://registry.npmjs.org/unique-filename 2ms (cache hit)
npm http cache https://registry.npmjs.org/minipass-collect 2ms (cache hit)
npm http cache https://registry.npmjs.org/minipass-pipeline 3ms (cache hit)
npm http cache https://registry.npmjs.org/ignore-walk 3ms (cache hit)
npm http cache https://registry.npmjs.org/minizlib 3ms (cache hit)
npm http cache https://registry.npmjs.org/@npmcli%2fredact 17ms (cache hit)
npm http cache https://registry.npmjs.org/minipass-fetch 2ms (cache hit)
npm http cache https://registry.npmjs.org/make-fetch-happen 5ms (cache hit)
npm http cache https://registry.npmjs.org/minipass-json-stream 5ms (cache hit)
npm http cache https://registry.npmjs.org/err-code 5ms (cache hit)
npm http cache https://registry.npmjs.org/retry 3ms (cache hit)
npm http cache https://registry.npmjs.org/normalize-package-data 7ms (cache hit)
npm http cache https://registry.npmjs.org/@sigstore%2ftuf 2ms (cache hit)
npm http cache https://registry.npmjs.org/@sigstore%2fcore 2ms (cache hit)
npm http cache https://registry.npmjs.org/@sigstore%2fsign 3ms (cache hit)
npm http cache https://registry.npmjs.org/@sigstore%2fbundle 2ms (cache hit)
npm http cache https://registry.npmjs.org/@sigstore%2fverify 5ms (cache hit)
npm http cache https://registry.npmjs.org/@sigstore%2fprotobuf-specs 4ms (cache hit)
npm http cache https://registry.npmjs.org/chownr 3ms (cache hit)
npm http cache https://registry.npmjs.org/nopt 2ms (cache hit)
npm http cache https://registry.npmjs.org/env-paths 3ms (cache hit)
npm http cache https://registry.npmjs.org/exponential-backoff 3ms (cache hit)
npm http cache https://registry.npmjs.org/jackspeak 5ms (cache hit)
npm http cache https://registry.npmjs.org/path-scurry 3ms (cache hit)
npm http cache https://registry.npmjs.org/foreground-child 2ms (cache hit)
npm http cache https://registry.npmjs.org/package-json-from-dist 4ms (cache hit)
npm http cache https://registry.npmjs.org/validate-npm-package-license 3ms (cache hit)
npm http cache https://registry.npmjs.org/aggregate-error 1ms (cache hit)
npm http cache https://registry.npmjs.org/unique-slug 2ms (cache hit)
npm http cache https://registry.npmjs.org/is-lambda 6ms (cache hit)
npm http cache https://registry.npmjs.org/negotiator 2ms (cache hit)
npm http cache https://registry.npmjs.org/@npmcli%2fagent 2ms (cache hit)
npm http cache https://registry.npmjs.org/http-cache-semantics 4ms (cache hit)
npm http cache https://registry.npmjs.org/abbrev 2ms (cache hit)
npm http cache https://registry.npmjs.org/agent-base 2ms (cache hit)
npm http cache https://registry.npmjs.org/http-proxy-agent 2ms (cache hit)
npm http cache https://registry.npmjs.org/https-proxy-agent 2ms (cache hit)
npm http cache https://registry.npmjs.org/socks-proxy-agent 3ms (cache hit)
npm http cache https://registry.npmjs.org/minipass-sized 4ms (cache hit)
npm http cache https://registry.npmjs.org/socks 3ms (cache hit)
npm http cache https://registry.npmjs.org/spdx-correct 2ms (cache hit)
npm http cache https://registry.npmjs.org/spdx-expression-parse 2ms (cache hit)
npm http cache https://registry.npmjs.org/jsonparse 1ms (cache hit)
npm http cache https://registry.npmjs.org/clean-stack 2ms (cache hit)
npm http cache https://registry.npmjs.org/indent-string 4ms (cache hit)
npm http cache https://registry.npmjs.org/object-inspect 4ms (cache hit)
npm http cache https://registry.npmjs.org/side-channel-list 2ms (cache hit)
npm http cache https://registry.npmjs.org/side-channel-map 2ms (cache hit)
npm http cache https://registry.npmjs.org/side-channel-weakmap 2ms (cache hit)
npm http cache https://registry.npmjs.org/mimic-fn 2ms (cache hit)
npm http cache https://registry.npmjs.org/tuf-js 3ms (cache hit)
npm http cache https://registry.npmjs.org/@tufjs%2fmodels 3ms (cache hit)
npm http cache https://registry.npmjs.org/vary 2ms (cache hit)
npm http cache https://registry.npmjs.org/object-assign 2ms (cache hit)
npm http cache https://registry.npmjs.org/@types%2fcors 2ms (cache hit)
npm http cache https://registry.npmjs.org/cookie 3ms (cache hit)
npm http cache https://registry.npmjs.org/engine.io-parser 5ms (cache hit)
npm http cache https://registry.npmjs.org/ws 4ms (cache hit)
npm http cache https://registry.npmjs.org/@socket.io%2fcomponent-emitter 2ms (cache hit)
npm http fetch GET 200 https://registry.npmjs.org/bufferutil 58ms (cache miss)
npm http fetch GET 200 https://registry.npmjs.org/utf-8-validate 56ms (cache miss)
npm http cache https://registry.npmjs.org/ip-address 3ms (cache hit)
npm http cache https://registry.npmjs.org/smart-buffer 2ms (cache hit)
npm http cache https://registry.npmjs.org/jsonfile 3ms (cache hit)
npm http cache https://registry.npmjs.org/universalify 1ms (cache hit)
npm http cache https://registry.npmjs.org/@tufjs%2fcanonical-json 1ms (cache hit)
npm http cache https://registry.npmjs.org/spdx-license-ids 3ms (cache hit)
npm http cache https://registry.npmjs.org/spdx-exceptions 111ms (cache hit)
npm http cache https://registry.npmjs.org/clone 5ms (cache hit)
npm http cache https://registry.npmjs.org/webpack 18ms (cache hit)
npm http cache https://registry.npmjs.org/@types%2feslint 3ms (cache hit)
npm http cache https://registry.npmjs.org/@webassemblyjs%2fhelper-numbers 1ms (cache hit)
npm http cache https://registry.npmjs.org/@webassemblyjs%2fhelper-wasm-bytecode 2ms (cache hit)
npm http cache https://registry.npmjs.org/@webassemblyjs%2fhelper-buffer 2ms (cache hit)
npm http cache https://registry.npmjs.org/@webassemblyjs%2fhelper-wasm-section 3ms (cache hit)
npm http cache https://registry.npmjs.org/@webassemblyjs%2fwasm-gen 3ms (cache hit)
npm http cache https://registry.npmjs.org/@webassemblyjs%2fwasm-opt 8ms (cache hit)
npm http cache https://registry.npmjs.org/@webassemblyjs%2fwast-printer 4ms (cache hit)
npm http cache https://registry.npmjs.org/@webassemblyjs%2fhelper-api-error 4ms (cache hit)
npm http cache https://registry.npmjs.org/@webassemblyjs%2fieee754 8ms (cache hit)
npm http cache https://registry.npmjs.org/@webassemblyjs%2fleb128 5ms (cache hit)
npm http cache https://registry.npmjs.org/@webassemblyjs%2futf8 4ms (cache hit)
npm http cache https://registry.npmjs.org/ajv-keywords 2ms (cache hit)
npm http cache https://registry.npmjs.org/jest-worker 4ms (cache hit)
npm http cache https://registry.npmjs.org/serialize-javascript 2ms (cache hit)
npm http cache https://registry.npmjs.org/terser 5ms (cache hit)
npm http cache https://registry.npmjs.org/@xtuc%2flong 3ms (cache hit)
npm http cache https://registry.npmjs.org/@webassemblyjs%2ffloating-point-hex-parser 2ms (cache hit)
npm http cache https://registry.npmjs.org/@xtuc%2fieee754 3ms (cache hit)
npm http cache https://registry.npmjs.org/ajv 3ms (cache hit)
npm http cache https://registry.npmjs.org/merge-stream 2ms (cache hit)
npm http cache https://registry.npmjs.org/randombytes 2ms (cache hit)
npm http cache https://registry.npmjs.org/@jridgewell%2fsource-map 2ms (cache hit)
npm http cache https://registry.npmjs.org/commander 6ms (cache hit)
npm http cache https://registry.npmjs.org/source-map-support 2ms (cache hit)
npm http cache https://registry.npmjs.org/buffer-from 3ms (cache hit)
npm http cache https://registry.npmjs.org/concat-map 13ms (cache hit)
npm http cache https://registry.npmjs.org/@isaacs%2fcliui 3ms (cache hit)
npm http cache https://registry.npmjs.org/@pkgjs%2fparseargs 7ms (cache hit)
npm http cache https://registry.npmjs.org/eastasianwidth 5ms (cache hit)
npm verbose stack HttpErrorGeneral: 404 Not Found - GET https://registry.npmjs.org/@angular-cli%2fbuild-angular - Not found
npm verbose stack     at /usr/local/share/nvm/versions/node/v24.11.1/lib/node_modules/npm/node_modules/npm-registry-fetch/lib/check-response.js:103:15
npm verbose stack     at process.processTicksAndRejections (node:internal/process/task_queues:103:5)
npm verbose stack     at async RegistryFetcher.packument (/usr/local/share/nvm/versions/node/v24.11.1/lib/node_modules/npm/node_modules/pacote/lib/registry.js:90:19)
npm verbose stack     at async RegistryFetcher.manifest (/usr/local/share/nvm/versions/node/v24.11.1/lib/node_modules/npm/node_modules/pacote/lib/registry.js:128:23)
npm verbose stack     at async #fetchManifest (/usr/local/share/nvm/versions/node/v24.11.1/lib/node_modules/npm/node_modules/@npmcli/arborist/lib/arborist/build-ideal-tree.js:1227:20)
npm verbose stack     at async #nodeFromEdge (/usr/local/share/nvm/versions/node/v24.11.1/lib/node_modules/npm/node_modules/@npmcli/arborist/lib/arborist/build-ideal-tree.js:1065:19)
npm verbose stack     at async #buildDepStep (/usr/local/share/nvm/versions/node/v24.11.1/lib/node_modules/npm/node_modules/@npmcli/arborist/lib/arborist/build-ideal-tree.js:929:11)
npm verbose stack     at async Arborist.buildIdealTree (/usr/local/share/nvm/versions/node/v24.11.1/lib/node_modules/npm/node_modules/@npmcli/arborist/lib/arborist/build-ideal-tree.js:182:7)
npm verbose stack     at async Promise.all (index 1)
npm verbose stack     at async Arborist.reify (/usr/local/share/nvm/versions/node/v24.11.1/lib/node_modules/npm/node_modules/@npmcli/arborist/lib/arborist/reify.js:114:5)
npm verbose statusCode 404
npm verbose pkgid @angular-cli/build-angular@^17.0.0
npm error code E404
npm error 404 Not Found - GET https://registry.npmjs.org/@angular-cli%2fbuild-angular - Not found
npm error 404
npm error 404  The requested resource '@angular-cli/build-angular@^17.0.0' could not be found or you do not have permission to access it.
npm error 404
npm error 404 Note that you can also install from a
npm error 404 tarball, folder, http url, or git url.
npm verbose cwd /workspaces/buildaq-pharmacy
npm verbose os Linux 6.8.0-1030-azure
npm verbose node v24.11.1
npm verbose npm  v11.6.2
npm verbose exit 1
npm verbose code 1
npm error A complete log of this run can be found in: /home/codespace/.npm/_logs/2025-12-20T18_56_54_274Z-debug-0.log
